00000   SPL    $     0, <     4
00001   SPL    $     3, $     0     
00000   SPL    $     0, <     4     
00002   JMP    $    -2, $     0     
00004   MOV    $     0, $   -12     
00001   SPL    $     3, $     0     
00000   SPL    $     0, <     4     
00000   SPL    $     0, <     4     
00005   DAT    #     0, #     0     
00002   JMP    $    -2, $     0     
00004   MOV    $     0, $   -14     
00001   SPL    $     3, $     0     
00000   SPL    $     0, <     4     
00001   SPL    $     3, $     0     
00000   SPL    $     0, <     4     
00000   SPL    $     0, <     4     
00005   DAT    #     0, #     0     
00002   JMP    $    -2, $     0     
00004   MOV    $     0, $   -17     
00001   SPL    $     3, $     0     
00000   SPL    $     0, <     4     
00002   JMP    $    -2, $     0     
00004   MOV    $     0, $   -18     
00001   SPL    $     3, $     0     
00000   SPL    $     0, <     4     
00001   SPL    $     3, $     0     
00000   SPL    $     0, <     4     
00000   SPL    $     0, <     4     
00005   DAT    #     0, #     0     
00002   JMP    $    -2, $     0     
00004   MOV    $     0, $   -21     
00001   SPL    $     3, $     0     
00000   SPL    $     0, <     4     
00000   SPL    $     0, <     4     
00005   DAT    #     0, #     0     
00002   JMP    $    -2, $     0     
00004   MOV    $     0, $   -23     
00001   SPL    $     3, $     0     
00000   SPL    $     0, <     4     
00002   JMP    $    -2, $     0     
00004   MOV    $     0, $   -24     
00001   SPL    $     3, $     0     
00000   SPL    $     0, <     4     
00001   SPL    $     3, $     0     
00000   SPL    $     0, <     4     
00000   SPL    $     0, <     4     
00005   DAT    #     0, #     0     
00002   JMP    $    -2, $     0     
00004   MOV    $     0, $   -27     
00001   SPL    $     3, $     0     
00000   SPL    $     0, <     4     
00001   SPL    $     3, $     0     
00000   SPL    $     0, <     4     
00000   SPL    $     0, <     4     
00005   DAT    #     0, #     0     
00002   JMP    $    -2, $     0     
00004   MOV    $     0, $   -30     
00001   SPL    $     3, $     0     
00000   SPL    $     0, <     4     
00000   SPL    $     0, <     4     
00005   DAT    #     0, #     0     
00002   JMP    $    -2, $     0     
00001   SPL    $     3, $     0     
00002   JMP    $    -2, $     0     
00001   SPL    $     3, $     0     
00001   SPL    $     3, $     0     
00000   SPL    $     0, <     4     
00005   DAT    #     0, #     0     
00002   JMP    $    -2, $     0     
00004   MOV    $     0, $   -33     
00001   SPL    $     3, $     0     
00002   JMP    $    -2, $     0     
00001   SPL    $     3, $     0     
00001   SPL    $     3, $     0     
00000   SPL    $     0, <     4     
00005   DAT    #     0, #     0     
00002   JMP    $    -2, $     0     
00004   MOV    $     0, $   -34     
00001   SPL    $     3, $     0     
00001   SPL    $     3, $     0     
00000   SPL    $     0, <     4     
00002   JMP    $    -2, $     0     
00004   MOV    $     0, $   -35     
00000   SPL    $     0, <     4     
00002   JMP    $    -2, $     0     
00002   JMP    $    -2, $     0     
00001   SPL    $     3, $     0     
00000   SPL    $     0, <     4     
00005   DAT    #     0, #     0     
00002   JMP    $    -2, $     0     
00004   MOV    $     0, $   -37     
00000   SPL    $     0, <     4     
00002   JMP    $    -2, $     0     
00002   JMP    $    -2, $     0     
00001   SPL    $     3, $     0     
00000   SPL    $     0, <     4     
00005   DAT    #     0, #     0     
00002   JMP    $    -2, $     0     
00004   MOV    $     0, $   -39     
00002   JMP    $    -2, $     0     
00001   SPL    $     3, $     0     
00000   SPL    $     0, <     4     
00005   DAT    #     0, #     0     
00001   SPL    $     3, $     0     
00000   SPL    $     0, <     4     
00000   SPL    $     0, <     4     
00002   JMP    $    -2, $     0     
00001   SPL    $     3, $     0     
00000   SPL    $     0, <     4     
00005   DAT    #     0, #     0     
00001   SPL    $     3, $     0     
00000   SPL    $     0, <     4     
00000   SPL    $     0, <     4     
00000   SPL    $     0, <     4     
00002   JMP    $    -2, $     0     
00001   SPL    $     3, $     0     
00000   SPL    $     0, <     4     
00005   DAT    #     0, #     0     
00000   SPL    $     0, <     4     
00002   JMP    $    -2, $     0     
00004   MOV    $     0, $   -48     
00001   SPL    $     3, $     0     
00002   JMP    $    -2, $     0     
00004   MOV    $     0, $   -48     
00001   SPL    $     3, $     0     
00001   SPL    $     3, $     0     
00000   SPL    $     0, <     4     
00002   JMP    $    -2, $     0     
00001   SPL    $     3, $     0     
00002   JMP    $    -2, $     0     
00004   MOV    $     0, $   -49     
00001   SPL    $     3, $     0     
00001   SPL    $     3, $     0     
00001   SPL    $     3, $     0     
00000   SPL    $     0, <     4     
00002   JMP    $    -2, $     0     
00001   SPL    $     3, $     0     
00001   SPL    $     3, $     0     
00000   SPL    $     0, <     4     
00000   SPL    $     0, <     4     
00005   DAT    #     0, #     0     
00002   JMP    $    -2, $     0     
00000   SPL    $     0, <     4     
00005   DAT    #     0, #     0     
00002   JMP    $    -2, $     0     
00002   JMP    $    -2, $     0     
00001   SPL    $     3, $     0     
00000   SPL    $     0, <     4     
00002   JMP    $    -2, $     0     
00000   SPL    $     0, <     4     
00005   DAT    #     0, #     0     
00002   JMP    $    -2, $     0     
00002   JMP    $    -2, $     0     
00002   JMP    $    -2, $     0     
00001   SPL    $     3, $     0     
00000   SPL    $     0, <     4     
00002   JMP    $    -2, $     0     
00002   JMP    $    -2, $     0     
00001   SPL    $     3, $     0     
00001   SPL    $     3, $     0     
00000   SPL    $     0, <     4     
00001   SPL    $     3, $     0     
00000   SPL    $     0, <     4     
00000   SPL    $     0, <     4     
00000   SPL    $     0, <     4     
00002   JMP    $    -2, $     0     
00004   MOV    $     0, $   -60     
00001   SPL    $     3, $     0     
00000   SPL    $     0, <     4     
00001   SPL    $     3, $     0     
00000   SPL    $     0, <     4     
00000   SPL    $     0, <     4     
00000   SPL    $     0, <     4     
00002   JMP    $    -2, $     0     
00004   MOV    $     0, $   -64     
00001   SPL    $     3, $     0     
00000   SPL    $     0, <     4     
00000   SPL    $     0, <     4     
00002   JMP    $    -2, $     0     
00002   JMP    $    -2, $     0     
00001   SPL    $     3, $     0     
00002   JMP    $    -2, $     0     
00001   SPL    $     3, $     0     
00001   SPL    $     3, $     0     
00001   SPL    $     3, $     0     
00000   SPL    $     0, <     4     
00005   DAT    #     0, #     0     
00002   JMP    $    -2, $     0     
00001   SPL    $     3, $     0     
00002   JMP    $    -2, $     0     
00001   SPL    $     3, $     0     
00001   SPL    $     3, $     0     
00001   SPL    $     3, $     0     
00000   SPL    $     0, <     4     
00005   DAT    #     0, #     0     
00002   JMP    $    -2, $     0     
00001   SPL    $     3, $     0     
00001   SPL    $     3, $     0     
00000   SPL    $     0, <     4     
00000   SPL    $     0, <     4     
00002   JMP    $    -2, $     0     
00000   SPL    $     0, <     4     
00002   JMP    $    -2, $     0     
00002   JMP    $    -2, $     0     
00002   JMP    $    -2, $     0     
00001   SPL    $     3, $     0     
00000   SPL    $     0, <     4     
00002   JMP    $    -2, $     0     
00004   MOV    $     0, $   -72     
00000   SPL    $     0, <     4     
00002   JMP    $    -2, $     0     
00002   JMP    $    -2, $     0     
00002   JMP    $    -2, $     0     
00001   SPL    $     3, $     0     
00000   SPL    $     0, <     4     
00002   JMP    $    -2, $     0     
00004   MOV    $     0, $   -74     
00002   JMP    $    -2, $     0     
00001   SPL    $     3, $     0     
00001   SPL    $     3, $     0     
00000   SPL    $     0, <     4     
00001   SPL    $     3, $     0     
00000   SPL    $     0, <     4     
00000   SPL    $     0, <     4     
00000   SPL    $     0, <     4     
00002   JMP    $    -2, $     0     
00001   SPL    $     3, $     0     
00000   SPL    $     0, <     4     
00005   DAT    #     0, #     0     
00001   SPL    $     3, $     0     
00000   SPL    $     0, <     4     
00000   SPL    $     0, <     4     
00000   SPL    $     0, <     4     
00002   JMP    $    -2, $     0     
00001   SPL    $     3, $     0     
00000   SPL    $     0, <     4     
00005   DAT    #     0, #     0     
00000   SPL    $     0, <     4     
00002   JMP    $    -2, $     0     
00002   JMP    $    -2, $     0     
00001   SPL    $     3, $     0     
00002   JMP    $    -2, $     0     
00001   SPL    $     3, $     0     
00001   SPL    $     3, $     0     
00001   SPL    $     3, $     0     
00000   SPL    $     0, <     4     
00002   JMP    $    -2, $     0     
00001   SPL    $     3, $     0     
00002   JMP    $    -2, $     0     
00004   MOV    $     0, $   -85     
00001   SPL    $     3, $     0     
00001   SPL    $     3, $     0     
00001   SPL    $     3, $     0     
00000   SPL    $     0, <     4     
00002   JMP    $    -2, $     0     
00001   SPL    $     3, $     0     
00001   SPL    $     3, $     0     
00000   SPL    $     0, <     4     
00000   SPL    $     0, <     4     
00000   SPL    $     0, <     4     
00002   JMP    $    -2, $     0     
00000   SPL    $     0, <     4     
00002   JMP    $    -2, $     0     
00002   JMP    $    -2, $     0     
00002   JMP    $    -2, $     0     
00001   SPL    $     3, $     0     
00000   SPL    $     0, <     4     
00002   JMP    $    -2, $     0     
00000   SPL    $     0, <     4     
00005   DAT    #     0, #     0     
00002   JMP    $    -2, $     0     
00002   JMP    $    -2, $     0     
00002   JMP    $    -2, $     0     
00001   SPL    $     3, $     0     
00000   SPL    $     0, <     4     
00002   JMP    $    -2, $     0     
00002   JMP    $    -2, $     0     
00001   SPL    $     3, $     0     
00001   SPL    $     3, $     0     
00001   SPL    $     3, $     0     
00000   SPL    $     0, <     4     
00001   SPL    $     3, $     0     
00000   SPL    $     0, <     4     
00000   SPL    $     0, <     4     
00000   SPL    $     0, <     4     
00002   JMP    $    -2, $     0     
00001   SPL    $     3, $     0     
00000   SPL    $     0, <     4     
00001   SPL    $     3, $     0     
00000   SPL    $     0, <     4     
00000   SPL    $     0, <     4     
00000   SPL    $     0, <     4     
00002   JMP    $    -2, $     0     
00004   MOV    $     0, $  -101     
00001   SPL    $     3, $     0     
00000   SPL    $     0, <     4     
00000   SPL    $     0, <     4     
00002   JMP    $    -2, $     0     
00002   JMP    $    -2, $     0     
00002   JMP    $    -2, $     0     
00001   SPL    $     3, $     0     
00002   JMP    $    -2, $     0     
00001   SPL    $     3, $     0     
00001   SPL    $     3, $     0     
00001   SPL    $     3, $     0     
00000   SPL    $     0, <     4     
00002   JMP    $    -2, $     0     
00001   SPL    $     3, $     0     
00002   JMP    $    -2, $     0     
00001   SPL    $     3, $     0     
00001   SPL    $     3, $     0     
00001   SPL    $     3, $     0     
00000   SPL    $     0, <     4     
00005   DAT    #     0, #     0     
00002   JMP    $    -2, $     0     
00001   SPL    $     3, $     0     
00001   SPL    $     3, $     0     
00000   SPL    $     0, <     4     
00000   SPL    $     0, <     4     
00000   SPL    $     0, <     4     
00002   JMP    $    -2, $     0     
00000   SPL    $     0, <     4     
00002   JMP    $    -2, $     0     
00002   JMP    $    -2, $     0     
00002   JMP    $    -2, $     0     
00001   SPL    $     3, $     0     
00000   SPL    $     0, <     4     
00002   JMP    $    -2, $     0     
00000   SPL    $     0, <     4     
00002   JMP    $    -2, $     0     
00002   JMP    $    -2, $     0     
00002   JMP    $    -2, $     0     
00001   SPL    $     3, $     0     
00000   SPL    $     0, <     4     
00002   JMP    $    -2, $     0     
00004   MOV    $     0, $  -112     
00002   JMP    $    -2, $     0     
00001   SPL    $     3, $     0     
00001   SPL    $     3, $     0     
00001   SPL    $     3, $     0     
00000   SPL    $     0, <     4     
00001   SPL    $     3, $     0     
00000   SPL    $     0, <     4     
00000   SPL    $     0, <     4     
00000   SPL    $     0, <     4     
00002   JMP    $    -2, $     0     
00001   SPL    $     3, $     0     
00000   SPL    $     0, <     4     
00001   SPL    $     3, $     0     
00000   SPL    $     0, <     4     
00000   SPL    $     0, <     4     
00000   SPL    $     0, <     4     
00002   JMP    $    -2, $     0     
00001   SPL    $     3, $     0     
00000   SPL    $     0, <     4     
00005   DAT    #     0, #     0     
00000   SPL    $     0, <     4     
00002   JMP    $    -2, $     0     
00002   JMP    $    -2, $     0     
00002   JMP    $    -2, $     0     
00001   SPL    $     3, $     0     
00002   JMP    $    -2, $     0     
00001   SPL    $     3, $     0     
00001   SPL    $     3, $     0     
00001   SPL    $     3, $     0     
00000   SPL    $     0, <     4     
00002   JMP    $    -2, $     0     
00001   SPL    $     3, $     0     
00002   JMP    $    -2, $     0     
00001   SPL    $     3, $     0     
00001   SPL    $     3, $     0     
00001   SPL    $     3, $     0     
00000   SPL    $     0, <     4     
00002   JMP    $    -2, $     0     
00001   SPL    $     3, $     0     
00001   SPL    $     3, $     0     
00000   SPL    $     0, <     4     
00000   SPL    $     0, <     4     
00000   SPL    $     0, <     4     
00000   SPL    $     0, <     4     
00002   JMP    $    -2, $     0     
00000   SPL    $     0, <     4     
00002   JMP    $    -2, $     0     
00002   JMP    $    -2, $     0     
00002   JMP    $    -2, $     0     
00001   SPL    $     3, $     0     
00000   SPL    $     0, <     4     
00002   JMP    $    -2, $     0     
00000   SPL    $     0, <     4     
00002   JMP    $    -2, $     0     
00002   JMP    $    -2, $     0     
00002   JMP    $    -2, $     0     
00001   SPL    $     3, $     0     
00000   SPL    $     0, <     4     
00002   JMP    $    -2, $     0     
00002   JMP    $    -2, $     0     
00001   SPL    $     3, $     0     
00001   SPL    $     3, $     0     
00001   SPL    $     3, $     0     
00001   SPL    $     3, $     0     
00000   SPL    $     0, <     4     
00001   SPL    $     3, $     0     
00000   SPL    $     0, <     4     
00000   SPL    $     0, <     4     
00000   SPL    $     0, <     4     
00002   JMP    $    -2, $     0     
00001   SPL    $     3, $     0     
00000   SPL    $     0, <     4     
00001   SPL    $     3, $     0     
00000   SPL    $     0, <     4     
00000   SPL    $     0, <     4     
00000   SPL    $     0, <     4     
00002   JMP    $    -2, $     0     
00001   SPL    $     3, $     0     
00000   SPL    $     0, <     4     
00000   SPL    $     0, <     4     
00002   JMP    $    -2, $     0     
00002   JMP    $    -2, $     0     
00002   JMP    $    -2, $     0     
00002   JMP    $    -2, $     0     
00001   SPL    $     3, $     0     
00002   JMP    $    -2, $     0     
00001   SPL    $     3, $     0     
00001   SPL    $     3, $     0     
00001   SPL    $     3, $     0     
00000   SPL    $     0, <     4     
00002   JMP    $    -2, $     0     
00001   SPL    $     3, $     0     
00002   JMP    $    -2, $     0     
00001   SPL    $     3, $     0     
00001   SPL    $     3, $     0     
00001   SPL    $     3, $     0     
00000   SPL    $     0, <     4     
00002   JMP    $    -2, $     0     
00001   SPL    $     3, $     0     
00001   SPL    $     3, $     0     
00000   SPL    $     0, <     4     
00000   SPL    $     0, <     4     
00000   SPL    $     0, <     4     
00000   SPL    $     0, <     4     
00002   JMP    $    -2, $     0     
00000   SPL    $     0, <     4     
00002   JMP    $    -2, $     0     
00002   JMP    $    -2, $     0     
00002   JMP    $    -2, $     0     
00001   SPL    $     3, $     0     
00000   SPL    $     0, <     4     
00002   JMP    $    -2, $     0     
00000   SPL    $     0, <     4     
00002   JMP    $    -2, $     0     
00002   JMP    $    -2, $     0     
00002   JMP    $    -2, $     0     
00001   SPL    $     3, $     0     
00000   SPL    $     0, <     4     
00002   JMP    $    -2, $     0     
00002   JMP    $    -2, $     0     
00001   SPL    $     3, $     0     
00001   SPL    $     3, $     0     
00001   SPL    $     3, $     0     
00001   SPL    $     3, $     0     
00000   SPL    $     0, <     4     
00001   SPL    $     3, $     0     
00000   SPL    $     0, <     4     
00000   SPL    $     0, <     4     
00000   SPL    $     0, <     4     
00002   JMP    $    -2, $     0     
00001   SPL    $     3, $     0     
00000   SPL    $     0, <     4     
00001   SPL    $     3, $     0     
00000   SPL    $     0, <     4     
00000   SPL    $     0, <     4     
00000   SPL    $     0, <     4     
00002   JMP    $    -2, $     0     
00001   SPL    $     3, $     0     
00000   SPL    $     0, <     4     
00000   SPL    $     0, <     4     
00002   JMP    $    -2, $     0     
00002   JMP    $    -2, $     0     
00002   JMP    $    -2, $     0     
00002   JMP    $    -2, $     0     
00001   SPL    $     3, $     0     
00002   JMP    $    -2, $     0     
00001   SPL    $     3, $     0     
00001   SPL    $     3, $     0     
00001   SPL    $     3, $     0     
00000   SPL    $     0, <     4     
00002   JMP    $    -2, $     0     
00001   SPL    $     3, $     0     
00002   JMP    $    -2, $     0     
00001   SPL    $     3, $     0     
00001   SPL    $     3, $     0     
00001   SPL    $     3, $     0     
00000   SPL    $     0, <     4     
00002   JMP    $    -2, $     0     
00001   SPL    $     3, $     0     
00001   SPL    $     3, $     0     
00000   SPL    $     0, <     4     
00000   SPL    $     0, <     4     
00000   SPL    $     0, <     4     
